submitted job info:
Wed Dec 17 01:08:14 CST 2014
job-ID  prior   name       user         state submit/start at     queue                          slots ja-task-ID 
-----------------------------------------------------------------------------------------------------------------
    168 0.00000 CREW_176x1 root         qw    12/17/2014 01:08:14                                    1        
    169 0.00000 CREW_176x1 root         qw    12/17/2014 01:08:14                                    1        
    170 0.00000 CREW_176x1 root         qw    12/17/2014 01:08:14                                    1        
    171 0.00000 CREW_176x1 root         qw    12/17/2014 01:08:14                                    1        
    172 0.00000 CREW_176x1 root         qw    12/17/2014 01:08:14                                    1        
    173 0.00000 CREW_176x1 root         qw    12/17/2014 01:08:14                                    1        
    174 0.00000 CiscoVT_2p root         qw    12/17/2014 01:08:14                                    1        
    175 0.00000 CiscoVT_2p root         qw    12/17/2014 01:08:14                                    1        
    176 0.00000 CiscoVT_2p root         qw    12/17/2014 01:08:14                                    1        
    177 0.00000 CiscoVT_2p root         qw    12/17/2014 01:08:14                                    1        
    178 0.00000 CiscoVT_2p root         qw    12/17/2014 01:08:14                                    1        
    179 0.00000 CiscoVT_2p root         qw    12/17/2014 01:08:14                                    1        
job-ID  prior   name       user         state submit/start at     queue                          slots ja-task-ID 
-----------------------------------------------------------------------------------------------------------------
    168 0.00000 CREW_176x1 root         qw    12/17/2014 01:08:14                                    1        
    169 0.00000 CREW_176x1 root         qw    12/17/2014 01:08:14                                    1        
    170 0.00000 CREW_176x1 root         qw    12/17/2014 01:08:14                                    1        
    171 0.00000 CREW_176x1 root         qw    12/17/2014 01:08:14                                    1        
    172 0.00000 CREW_176x1 root         qw    12/17/2014 01:08:14                                    1        
    173 0.00000 CREW_176x1 root         qw    12/17/2014 01:08:14                                    1        
    174 0.00000 CiscoVT_2p root         qw    12/17/2014 01:08:14                                    1        
    175 0.00000 CiscoVT_2p root         qw    12/17/2014 01:08:14                                    1        
    176 0.00000 CiscoVT_2p root         qw    12/17/2014 01:08:14                                    1        
    177 0.00000 CiscoVT_2p root         qw    12/17/2014 01:08:14                                    1        
    178 0.00000 CiscoVT_2p root         qw    12/17/2014 01:08:14                                    1        
    179 0.00000 CiscoVT_2p root         qw    12/17/2014 01:08:14                                    1        
job-ID  prior   name       user         state submit/start at     queue                          slots ja-task-ID 
-----------------------------------------------------------------------------------------------------------------
    168 0.50000 CREW_176x1 root         r     12/17/2014 01:08:23 Openh264SGE_1@ZhaoYun              1        
    169 0.50000 CREW_176x1 root         r     12/17/2014 01:08:23 Openh264SGE_1@ZhangFei             1        
    170 0.50000 CREW_176x1 root         r     12/17/2014 01:08:23 Openh264SGE_1@JiangWei             1        
    171 0.50000 CREW_176x1 root         r     12/17/2014 01:08:23 Openh264SGE_1@MaChao               1        
    172 0.50000 CREW_176x1 root         r     12/17/2014 01:08:23 Openh264SGE_1@MaDai                1        
    173 0.50000 CREW_176x1 root         r     12/17/2014 01:08:23 Openh264SGE_1@GuanYu               1        
    174 0.50000 CiscoVT_2p root         r     12/17/2014 01:08:23 Openh264SGE_2@HuangZhong           1        
    175 0.50000 CiscoVT_2p root         t     12/17/2014 01:08:23 Openh264SGE_2@MaChao               1        
    176 0.50000 CiscoVT_2p root         t     12/17/2014 01:08:23 Openh264SGE_2@JiangWei             1        
    177 0.50000 CiscoVT_2p root         t     12/17/2014 01:08:23 Openh264SGE_2@ZhangFei             1        
    178 0.50000 CiscoVT_2p root         t     12/17/2014 01:08:23 Openh264SGE_2@MaDai                1        
    179 0.50000 CiscoVT_2p root         t     12/17/2014 01:08:23 Openh264SGE_2@ZhaoYun              1        
job-ID  prior   name       user         state submit/start at     queue                          slots ja-task-ID 
-----------------------------------------------------------------------------------------------------------------
    168 0.50000 CREW_176x1 root         r     12/17/2014 01:08:23 Openh264SGE_1@ZhaoYun              1        
    169 0.50000 CREW_176x1 root         r     12/17/2014 01:08:23 Openh264SGE_1@ZhangFei             1        
    170 0.50000 CREW_176x1 root         r     12/17/2014 01:08:23 Openh264SGE_1@JiangWei             1        
    171 0.50000 CREW_176x1 root         r     12/17/2014 01:08:23 Openh264SGE_1@MaChao               1        
    172 0.50000 CREW_176x1 root         r     12/17/2014 01:08:23 Openh264SGE_1@MaDai                1        
    173 0.50000 CREW_176x1 root         r     12/17/2014 01:08:23 Openh264SGE_1@GuanYu               1        
    174 0.50000 CiscoVT_2p root         r     12/17/2014 01:08:23 Openh264SGE_2@HuangZhong           1        
    175 0.50000 CiscoVT_2p root         qw    12/17/2014 01:08:14                                    1        
    176 0.50000 CiscoVT_2p root         qw    12/17/2014 01:08:14                                    1        
    177 0.50000 CiscoVT_2p root         qw    12/17/2014 01:08:14                                    1        
    178 0.50000 CiscoVT_2p root         qw    12/17/2014 01:08:14                                    1        
    179 0.50000 CiscoVT_2p root         qw    12/17/2014 01:08:14                                    1        
job-ID  prior   name       user         state submit/start at     queue                          slots ja-task-ID 
-----------------------------------------------------------------------------------------------------------------
    168 0.50000 CREW_176x1 root         r     12/17/2014 01:08:23 Openh264SGE_1@ZhaoYun              1        
    169 0.50000 CREW_176x1 root         r     12/17/2014 01:08:23 Openh264SGE_1@ZhangFei             1        
    170 0.50000 CREW_176x1 root         r     12/17/2014 01:08:23 Openh264SGE_1@JiangWei             1        
    171 0.50000 CREW_176x1 root         r     12/17/2014 01:08:23 Openh264SGE_1@MaChao               1        
    172 0.50000 CREW_176x1 root         r     12/17/2014 01:08:23 Openh264SGE_1@MaDai                1        
    173 0.50000 CREW_176x1 root         r     12/17/2014 01:08:23 Openh264SGE_1@GuanYu               1        
    174 0.50000 CiscoVT_2p root         r     12/17/2014 01:08:23 Openh264SGE_2@HuangZhong           1        
    175 0.50000 CiscoVT_2p root         qw    12/17/2014 01:08:14                                    1        
    176 0.50000 CiscoVT_2p root         qw    12/17/2014 01:08:14                                    1        
    177 0.50000 CiscoVT_2p root         qw    12/17/2014 01:08:14                                    1        
    178 0.50000 CiscoVT_2p root         qw    12/17/2014 01:08:14                                    1        
    179 0.50000 CiscoVT_2p root         qw    12/17/2014 01:08:14                                    1        
job-ID  prior   name       user         state submit/start at     queue                          slots ja-task-ID 
-----------------------------------------------------------------------------------------------------------------
    168 0.50000 CREW_176x1 root         r     12/17/2014 01:08:23 Openh264SGE_1@ZhaoYun              1        
    169 0.50000 CREW_176x1 root         r     12/17/2014 01:08:23 Openh264SGE_1@ZhangFei             1        
    170 0.50000 CREW_176x1 root         r     12/17/2014 01:08:23 Openh264SGE_1@JiangWei             1        
    171 0.50000 CREW_176x1 root         r     12/17/2014 01:08:23 Openh264SGE_1@MaChao               1        
    172 0.50000 CREW_176x1 root         r     12/17/2014 01:08:23 Openh264SGE_1@MaDai                1        
    175 0.50000 CiscoVT_2p root         r     12/17/2014 01:08:38 Openh264SGE_2@GuanYu               1        
    176 0.50000 CiscoVT_2p root         r     12/17/2014 01:08:38 Openh264SGE_2@HuangZhong           1        
    177 0.50000 CiscoVT_2p root         qw    12/17/2014 01:08:14                                    1        
    178 0.50000 CiscoVT_2p root         qw    12/17/2014 01:08:14                                    1        
    179 0.50000 CiscoVT_2p root         qw    12/17/2014 01:08:14                                    1        
job-ID  prior   name       user         state submit/start at     queue                          slots ja-task-ID 
-----------------------------------------------------------------------------------------------------------------
    175 0.50000 CiscoVT_2p root         r     12/17/2014 01:08:38 Openh264SGE_2@GuanYu               1        
    176 0.50000 CiscoVT_2p root         r     12/17/2014 01:08:38 Openh264SGE_2@HuangZhong           1        
    177 0.50000 CiscoVT_2p root         qw    12/17/2014 01:08:14                                    1        
    178 0.50000 CiscoVT_2p root         qw    12/17/2014 01:08:14                                    1        
    179 0.50000 CiscoVT_2p root         qw    12/17/2014 01:08:14                                    1        
job-ID  prior   name       user         state submit/start at     queue                          slots ja-task-ID 
-----------------------------------------------------------------------------------------------------------------
    175 0.50000 CiscoVT_2p root         r     12/17/2014 01:08:38 Openh264SGE_2@GuanYu               1        
    176 0.50000 CiscoVT_2p root         r     12/17/2014 01:08:38 Openh264SGE_2@HuangZhong           1        
    177 0.50000 CiscoVT_2p root         qw    12/17/2014 01:08:14                                    1        
    178 0.50000 CiscoVT_2p root         qw    12/17/2014 01:08:14                                    1        
    179 0.50000 CiscoVT_2p root         qw    12/17/2014 01:08:14                                    1        
job-ID  prior   name       user         state submit/start at     queue                          slots ja-task-ID 
-----------------------------------------------------------------------------------------------------------------
    177 0.50000 CiscoVT_2p root         r     12/17/2014 01:08:53 Openh264SGE_2@MaDai                1        
    178 0.50000 CiscoVT_2p root         r     12/17/2014 01:08:53 Openh264SGE_2@HuangZhong           1        
    179 0.50000 CiscoVT_2p root         r     12/17/2014 01:08:53 Openh264SGE_2@JiangWei             1        
job-ID  prior   name       user         state submit/start at     queue                          slots ja-task-ID 
-----------------------------------------------------------------------------------------------------------------
    177 0.50000 CiscoVT_2p root         r     12/17/2014 01:08:53 Openh264SGE_2@MaDai                1        
    178 0.50000 CiscoVT_2p root         r     12/17/2014 01:08:53 Openh264SGE_2@HuangZhong           1        
    179 0.50000 CiscoVT_2p root         r     12/17/2014 01:08:53 Openh264SGE_2@JiangWei             1        
job-ID  prior   name       user         state submit/start at     queue                          slots ja-task-ID 
-----------------------------------------------------------------------------------------------------------------
    178 0.50000 CiscoVT_2p root         r     12/17/2014 01:08:53 Openh264SGE_2@HuangZhong           1        
